<?xml version="1.0" encoding="UTF-8"?>
<!-- Generated by org.testng.reporters.JUnitReportReporter -->
<testsuite skipped="0" hostname="LAPTOP-PATGFM90" name="com.keyword.utilities.Readxlsxfile" tests="1" failures="0" timestamp="08 May 2020 18:25:50 GMT" time="0.006" errors="0">
  <testcase name="verifyLogin" time="0.006" classname="com.keyword.utilities.Readxlsxfile"/>
</testsuite> <!-- com.keyword.utilities.Readxlsxfile -->
